#
# There is insufficient memory for the Java Runtime Environment to continue.
# Native memory allocation (malloc) failed to allocate 32744 bytes for ChunkPool::allocate
# Possible reasons:
#   The system is out of physical RAM or swap space
#   In 32 bit mode, the process size limit was hit
# Possible solutions:
#   Reduce memory load on the system
#   Increase physical memory or swap space
#   Check if swap backing store is full
#   Use 64 bit Java on a 64 bit OS
#   Decrease Java heap size (-Xmx/-Xms)
#   Decrease number of Java threads
#   Decrease Java thread stack sizes (-Xss)
#   Set larger code cache with -XX:ReservedCodeCacheSize=
# This output file may be truncated or incomplete.
#
#  Out of Memory Error (allocation.cpp:271), pid=572, tid=6340
#
# JRE version: Java(TM) SE Runtime Environment (8.0_11-b12) (build 1.8.0_11-b12)
# Java VM: Java HotSpot(TM) 64-Bit Server VM (25.11-b03 mixed mode windows-amd64 compressed oops)
# Failed to write core dump. Minidumps are not enabled by default on client versions of Windows
#

---------------  T H R E A D  ---------------

Current thread (0x0000000002681000):  JavaThread "main" [_thread_in_vm, id=6340, stack(0x00000000021d0000,0x00000000022d0000)]

Stack: [0x00000000021d0000,0x00000000022d0000]
Native frames: (J=compiled Java code, j=interpreted, Vv=VM code, C=native code)
V  [jvm.dll+0x308eca]

Java frames: (J=compiled Java code, j=interpreted, Vv=VM code)
j  com.android.dx.cf.cst.ConstantPoolParser.parse0(ILjava/util/BitSet;)Lcom/android/dx/rop/cst/Constant;+198
j  com.android.dx.cf.cst.ConstantPoolParser.parse()V+130
j  com.android.dx.cf.cst.ConstantPoolParser.parseIfNecessary()V+8
j  com.android.dx.cf.cst.ConstantPoolParser.getPool()Lcom/android/dx/rop/cst/StdConstantPool;+1
j  com.android.dx.cf.direct.DirectClassFile.parse0()V+283
j  com.android.dx.cf.direct.DirectClassFile.parse()V+1
j  com.android.dx.cf.direct.DirectClassFile.parseToInterfacesIfNecessary()V+9
j  com.android.dx.cf.direct.DirectClassFile.getMagic()I+1
j  com.android.dx.command.dexer.Main.processClass(Ljava/lang/String;[B)Z+40
j  com.android.dx.command.dexer.Main.processFileBytes(Ljava/lang/String;J[B)Z+188
j  com.android.dx.command.dexer.Main.access$300(Ljava/lang/String;J[B)Z+3
j  com.android.dx.command.dexer.Main$1.processFileBytes(Ljava/lang/String;J[B)Z+4
j  com.android.dx.cf.direct.ClassPathOpener.processArchive(Ljava/io/File;)Z+196
j  com.android.dx.cf.direct.ClassPathOpener.processOne(Ljava/io/File;Z)Z+48
j  com.android.dx.cf.direct.ClassPathOpener.process()Z+15
j  com.android.dx.command.dexer.Main.processOne(Ljava/lang/String;Lcom/android/dx/cf/direct/ClassPathOpener$FileNameFilter;)V+58
j  com.android.dx.command.dexer.Main.processAllFiles()Z+202
j  com.android.dx.command.dexer.Main.runMonoDex()I+58
j  com.android.dx.command.dexer.Main.run(Lcom/android/dx/command/dexer/Main$Arguments;)I+76
j  com.android.dx.command.dexer.Main.main([Ljava/lang/String;)V+14
j  com.android.dx.command.Main.main([Ljava/lang/String;)V+61
v  ~StubRoutines::call_stub

---------------  P R O C E S S  ---------------

Java Threads: ( => current thread )
  0x0000000016310000 JavaThread "Service Thread" daemon [_thread_blocked, id=7028, stack(0x0000000016bb0000,0x0000000016cb0000)]
  0x0000000014f9e800 JavaThread "C1 CompilerThread2" daemon [_thread_in_native, id=6256, stack(0x0000000016ab0000,0x0000000016bb0000)]
  0x0000000014f99000 JavaThread "C2 CompilerThread1" daemon [_thread_blocked, id=6252, stack(0x00000000169b0000,0x0000000016ab0000)]
  0x0000000014f50800 JavaThread "C2 CompilerThread0" daemon [_thread_blocked, id=760, stack(0x00000000168b0000,0x00000000169b0000)]
  0x0000000014f4e000 JavaThread "Attach Listener" daemon [_thread_blocked, id=6560, stack(0x00000000167b0000,0x00000000168b0000)]
  0x00000000162f3800 JavaThread "Signal Dispatcher" daemon [_thread_blocked, id=5908, stack(0x00000000166b0000,0x00000000167b0000)]
  0x000000000276f000 JavaThread "Finalizer" daemon [_thread_blocked, id=7084, stack(0x00000000161b0000,0x00000000162b0000)]
  0x0000000014f07800 JavaThread "Reference Handler" daemon [_thread_blocked, id=7080, stack(0x00000000160b0000,0x00000000161b0000)]
=>0x0000000002681000 JavaThread "main" [_thread_in_vm, id=6340, stack(0x00000000021d0000,0x00000000022d0000)]

Other Threads:
  0x0000000014f06000 VMThread [stack: 0x0000000015fb0000,0x00000000160b0000] [id=6664]
  0x0000000016312800 WatcherThread [stack: 0x0000000016cb0000,0x0000000016db0000] [id=7032]

VM state:not at safepoint (normal execution)

VM Mutex/Monitor currently owned by a thread: None

Heap:
 PSYoungGen      total 2560K, used 1176K [0x00000000eab00000, 0x00000000eae00000, 0x0000000100000000)
  eden space 2048K, 33% used [0x00000000eab00000,0x00000000eabab370,0x00000000ead00000)
  from space 512K, 96% used [0x00000000ead80000,0x00000000eadfae60,0x00000000eae00000)
  to   space 512K, 0% used [0x00000000ead00000,0x00000000ead00000,0x00000000ead80000)
 ParOldGen       total 64000K, used 879K [0x00000000c0000000, 0x00000000c3e80000, 0x00000000eab00000)
  object space 64000K, 1% used [0x00000000c0000000,0x00000000c00dbec8,0x00000000c3e80000)
 Metaspace       used 3704K, capacity 5232K, committed 5376K, reserved 1056768K
  class space    used 415K, capacity 488K, committed 512K, reserved 1048576K

Card table byte_map: [0x0000000011c30000,0x0000000011e40000] byte_map_base: 0x0000000011630000

Marking Bits: (ParMarkBitMap*) 0x0000000052a112b0
 Begin Bits: [0x00000000123a0000, 0x00000000133a0000)
 End Bits:   [0x00000000133a0000, 0x00000000143a0000)

Polling page: 0x00000000022d0000

CodeCache: size=245760Kb used=1484Kb max_used=1484Kb free=244275Kb
 bounds [0x0000000002870000, 0x0000000002ae0000, 0x0000000011870000]
 total_blobs=473 nmethods=225 adapters=162
 compilation: enabled

Compilation events (10 events):
Event: 0.534 Thread 0x0000000014f9e800  221       3       com.android.dx.rop.cst.Constant::compareTo (9 bytes)
Event: 0.535 Thread 0x0000000014f9e800 nmethod 221 0x00000000029e0210 code [0x00000000029e03e0, 0x00000000029e0cd8]
Event: 0.535 Thread 0x0000000014f9e800  222   !   3       com.android.dx.rop.cst.StdConstantPool::get (24 bytes)
Event: 0.535 Thread 0x0000000014f50800 nmethod 217 0x00000000029e3d50 code [0x00000000029e3ea0, 0x00000000029e4038]
Event: 0.535 Thread 0x0000000014f9e800 nmethod 222 0x00000000029e2090 code [0x00000000029e2320, 0x00000000029e32d8]
Event: 0.535 Thread 0x0000000014f9e800  229       3       com.android.dx.rop.cst.CstString::compareTo0 (15 bytes)
Event: 0.536 Thread 0x0000000014f9e800 nmethod 229 0x00000000029e1b10 code [0x00000000029e1c80, 0x00000000029e1f88]
Event: 0.536 Thread 0x0000000014f9e800  224       3       com.android.dx.util.ByteArray::<init> (81 bytes)
Event: 0.536 Thread 0x0000000014f9e800 nmethod 224 0x00000000029e1250 code [0x00000000029e1400, 0x00000000029e1938]
Event: 0.536 Thread 0x0000000014f9e800  226   !   3       com.android.dx.cf.cst.ConstantPoolParser::parse0 (731 bytes)

GC Heap History (8 events):
Event: 0.123 GC heap before
{Heap before GC invocations=1 (full 0):
 PSYoungGen      total 1024K, used 508K [0x00000000eab00000, 0x00000000eac80000, 0x0000000100000000)
  eden space 512K, 99% used [0x00000000eab00000,0x00000000eab7f060,0x00000000eab80000)
  from space 512K, 0% used [0x00000000eac00000,0x00000000eac00000,0x00000000eac80000)
  to   space 512K, 0% used [0x00000000eab80000,0x00000000eab80000,0x00000000eac00000)
 ParOldGen       total 64000K, used 0K [0x00000000c0000000, 0x00000000c3e80000, 0x00000000eab00000)
  object space 64000K, 0% used [0x00000000c0000000,0x00000000c0000000,0x00000000c3e80000)
 Metaspace       used 1835K, capacity 4480K, committed 4480K, reserved 1056768K
  class space    used 204K, capacity 384K, committed 384K, reserved 1048576K
Event: 0.138 GC heap after
Heap after GC invocations=1 (full 0):
 PSYoungGen      total 1024K, used 472K [0x00000000eab00000, 0x00000000ead00000, 0x0000000100000000)
  eden space 512K, 0% used [0x00000000eab00000,0x00000000eab00000,0x00000000eab80000)
  from space 512K, 92% used [0x00000000eab80000,0x00000000eabf6010,0x00000000eac00000)
  to   space 512K, 0% used [0x00000000eac80000,0x00000000eac80000,0x00000000ead00000)
 ParOldGen       total 64000K, used 0K [0x00000000c0000000, 0x00000000c3e80000, 0x00000000eab00000)
  object space 64000K, 0% used [0x00000000c0000000,0x00000000c0000000,0x00000000c3e80000)
 Metaspace       used 1835K, capacity 4480K, committed 4480K, reserved 1056768K
  class space    used 204K, capacity 384K, committed 384K, reserved 1048576K
}
Event: 0.233 GC heap before
{Heap before GC invocations=2 (full 0):
 PSYoungGen      total 1024K, used 974K [0x00000000eab00000, 0x00000000ead00000, 0x0000000100000000)
  eden space 512K, 98% used [0x00000000eab00000,0x00000000eab7d810,0x00000000eab80000)
  from space 512K, 92% used [0x00000000eab80000,0x00000000eabf6010,0x00000000eac00000)
  to   space 512K, 0% used [0x00000000eac80000,0x00000000eac80000,0x00000000ead00000)
 ParOldGen       total 64000K, used 0K [0x00000000c0000000, 0x00000000c3e80000, 0x00000000eab00000)
  object space 64000K, 0% used [0x00000000c0000000,0x00000000c0000000,0x00000000c3e80000)
 Metaspace       used 2904K, capacity 4486K, committed 4864K, reserved 1056768K
  class space    used 312K, capacity 386K, committed 512K, reserved 1048576K
Event: 0.239 GC heap after
Heap after GC invocations=2 (full 0):
 PSYoungGen      total 1536K, used 482K [0x00000000eab00000, 0x00000000ead00000, 0x0000000100000000)
  eden space 1024K, 0% used [0x00000000eab00000,0x00000000eab00000,0x00000000eac00000)
  from space 512K, 94% used [0x00000000eac80000,0x00000000eacf8978,0x00000000ead00000)
  to   space 512K, 0% used [0x00000000eac00000,0x00000000eac00000,0x00000000eac80000)
 ParOldGen       total 64000K, used 276K [0x00000000c0000000, 0x00000000c3e80000, 0x00000000eab00000)
  object space 64000K, 0% used [0x00000000c0000000,0x00000000c0045300,0x00000000c3e80000)
 Metaspace       used 2904K, capacity 4486K, committed 4864K, reserved 1056768K
  class space    used 312K, capacity 386K, committed 512K, reserved 1048576K
}
Event: 0.355 GC heap before
{Heap before GC invocations=3 (full 0):
 PSYoungGen      total 1536K, used 1506K [0x00000000eab00000, 0x00000000ead00000, 0x0000000100000000)
  eden space 1024K, 100% used [0x00000000eab00000,0x00000000eac00000,0x00000000eac00000)
  from space 512K, 94% used [0x00000000eac80000,0x00000000eacf8978,0x00000000ead00000)
  to   space 512K, 0% used [0x00000000eac00000,0x00000000eac00000,0x00000000eac80000)
 ParOldGen       total 64000K, used 276K [0x00000000c0000000, 0x00000000c3e80000, 0x00000000eab00000)
  object space 64000K, 0% used [0x00000000c0000000,0x00000000c0045300,0x00000000c3e80000)
 Metaspace       used 3237K, capacity 4784K, committed 5120K, reserved 1056768K
  class space    used 355K, capacity 424K, committed 512K, reserved 1048576K
Event: 0.378 GC heap after
Heap after GC invocations=3 (full 0):
 PSYoungGen      total 1536K, used 504K [0x00000000eab00000, 0x00000000eae00000, 0x0000000100000000)
  eden space 1024K, 0% used [0x00000000eab00000,0x00000000eab00000,0x00000000eac00000)
  from space 512K, 98% used [0x00000000eac00000,0x00000000eac7e030,0x00000000eac80000)
  to   space 512K, 0% used [0x00000000ead80000,0x00000000ead80000,0x00000000eae00000)
 ParOldGen       total 64000K, used 565K [0x00000000c0000000, 0x00000000c3e80000, 0x00000000eab00000)
  object space 64000K, 0% used [0x00000000c0000000,0x00000000c008d638,0x00000000c3e80000)
 Metaspace       used 3237K, capacity 4784K, committed 5120K, reserved 1056768K
  class space    used 355K, capacity 424K, committed 512K, reserved 1048576K
}
Event: 0.480 GC heap before
{Heap before GC invocations=4 (full 0):
 PSYoungGen      total 1536K, used 1528K [0x00000000eab00000, 0x00000000eae00000, 0x0000000100000000)
  eden space 1024K, 100% used [0x00000000eab00000,0x00000000eac00000,0x00000000eac00000)
  from space 512K, 98% used [0x00000000eac00000,0x00000000eac7e030,0x00000000eac80000)
  to   space 512K, 0% used [0x00000000ead80000,0x00000000ead80000,0x00000000eae00000)
 ParOldGen       total 64000K, used 565K [0x00000000c0000000, 0x00000000c3e80000, 0x00000000eab00000)
  object space 64000K, 0% used [0x00000000c0000000,0x00000000c008d638,0x00000000c3e80000)
 Metaspace       used 3577K, capacity 5104K, committed 5376K, reserved 1056768K
  class space    used 401K, capacity 488K, committed 512K, reserved 1048576K
Event: 0.483 GC heap after
Heap after GC invocations=4 (full 0):
 PSYoungGen      total 2560K, used 491K [0x00000000eab00000, 0x00000000eae00000, 0x0000000100000000)
  eden space 2048K, 0% used [0x00000000eab00000,0x00000000eab00000,0x00000000ead00000)
  from space 512K, 96% used [0x00000000ead80000,0x00000000eadfae60,0x00000000eae00000)
  to   space 512K, 0% used [0x00000000ead00000,0x00000000ead00000,0x00000000ead80000)
 ParOldGen       total 64000K, used 879K [0x00000000c0000000, 0x00000000c3e80000, 0x00000000eab00000)
  object space 64000K, 1% used [0x00000000c0000000,0x00000000c00dbec8,0x00000000c3e80000)
 Metaspace       used 3577K, capacity 5104K, committed 5376K, reserved 1056768K
  class space    used 401K, capacity 488K, committed 512K, reserved 1048576K
}

Deoptimization events (0 events):
No events

Internal exceptions (10 events):
Event: 0.492 Thread 0x0000000002681000 Exception <a 'java/security/PrivilegedActionException'> (0x00000000eab36848) thrown at [C:\re\workspace\8-2-build-windows-amd64-cygwin\jdk8u11\648\hotspot\src\share\vm\prims\jvm.cpp, line 1248]
Event: 0.492 Thread 0x0000000002681000 Exception <a 'java/security/PrivilegedActionException'> (0x00000000eab3c118) thrown at [C:\re\workspace\8-2-build-windows-amd64-cygwin\jdk8u11\648\hotspot\src\share\vm\prims\jvm.cpp, line 1248]
Event: 0.523 Thread 0x0000000002681000 Exception <a 'java/security/PrivilegedActionException'> (0x00000000eab3fbc8) thrown at [C:\re\workspace\8-2-build-windows-amd64-cygwin\jdk8u11\648\hotspot\src\share\vm\prims\jvm.cpp, line 1248]
Event: 0.523 Thread 0x0000000002681000 Exception <a 'java/security/PrivilegedActionException'> (0x00000000eab45508) thrown at [C:\re\workspace\8-2-build-windows-amd64-cygwin\jdk8u11\648\hotspot\src\share\vm\prims\jvm.cpp, line 1248]
Event: 0.524 Thread 0x0000000002681000 Exception <a 'java/security/PrivilegedActionException'> (0x00000000eab47738) thrown at [C:\re\workspace\8-2-build-windows-amd64-cygwin\jdk8u11\648\hotspot\src\share\vm\prims\jvm.cpp, line 1248]
Event: 0.526 Thread 0x0000000002681000 Exception <a 'java/security/PrivilegedActionException'> (0x00000000eab4c3c8) thrown at [C:\re\workspace\8-2-build-windows-amd64-cygwin\jdk8u11\648\hotspot\src\share\vm\prims\jvm.cpp, line 1248]
Event: 0.527 Thread 0x0000000002681000 Exception <a 'java/security/PrivilegedActionException'> (0x00000000eab52f70) thrown at [C:\re\workspace\8-2-build-windows-amd64-cygwin\jdk8u11\648\hotspot\src\share\vm\prims\jvm.cpp, line 1248]
Event: 0.536 Thread 0x0000000002681000 Exception <a 'java/security/PrivilegedActionException'> (0x00000000eab85a58) thrown at [C:\re\workspace\8-2-build-windows-amd64-cygwin\jdk8u11\648\hotspot\src\share\vm\prims\jvm.cpp, line 1248]
Event: 0.536 Thread 0x0000000002681000 Exception <a 'java/security/PrivilegedActionException'> (0x00000000eab88290) thrown at [C:\re\workspace\8-2-build-windows-amd64-cygwin\jdk8u11\648\hotspot\src\share\vm\prims\jvm.cpp, line 1248]
Event: 0.536 Thread 0x0000000002681000 Exception <a 'java/security/PrivilegedActionException'> (0x00000000eab8ad60) thrown at [C:\re\workspace\8-2-build-windows-amd64-cygwin\jdk8u11\648\hotspot\src\share\vm\prims\jvm.cpp, line 1248]

Events (10 events):
Event: 0.526 loading class com/android/dx/rop/annotation/AnnotationsList
Event: 0.526 loading class com/android/dx/rop/annotation/AnnotationsList done
Event: 0.527 loading class com/android/dx/dex/file/MethodIdItem
Event: 0.527 loading class com/android/dx/dex/file/MethodIdItem done
Event: 0.536 loading class com/android/dx/cf/attrib/InnerClassList
Event: 0.536 loading class com/android/dx/cf/attrib/InnerClassList done
Event: 0.536 loading class com/android/dx/cf/attrib/InnerClassList$Item
Event: 0.536 loading class com/android/dx/cf/attrib/InnerClassList$Item done
Event: 0.536 loading class com/android/dx/cf/attrib/AttInnerClasses
Event: 0.536 loading class com/android/dx/cf/attrib/AttInnerClasses done


Dynamic libraries:
0x00007ff7c83d0000 - 0x00007ff7c8404000 	C:\Program Files\Java\jdk1.8.0_11\bin\java.exe
0x00007ff82b980000 - 0x00007ff82bb29000 	C:\WINDOWS\SYSTEM32\ntdll.dll
0x00007ff829d70000 - 0x00007ff829ea9000 	C:\WINDOWS\system32\KERNEL32.DLL
0x00007ff828e20000 - 0x00007ff828f2e000 	C:\WINDOWS\system32\KERNELBASE.dll
0x00007ff82a4c0000 - 0x00007ff82a565000 	C:\WINDOWS\system32\ADVAPI32.dll
0x00007ff829eb0000 - 0x00007ff82a021000 	C:\WINDOWS\system32\USER32.dll
0x00007ff826d70000 - 0x00007ff826fca000 	C:\WINDOWS\WinSxS\amd64_microsoft.windows.common-controls_6595b64144ccf1df_6.0.9600.16384_none_62475f7becb72503\COMCTL32.dll
0x00007ff829350000 - 0x00007ff8293f7000 	C:\WINDOWS\system32\msvcrt.dll
0x00007ff82a450000 - 0x00007ff82a4a7000 	C:\WINDOWS\SYSTEM32\sechost.dll
0x00007ff829210000 - 0x00007ff829346000 	C:\WINDOWS\system32\RPCRT4.dll
0x00007ff829bc0000 - 0x00007ff829d05000 	C:\WINDOWS\system32\GDI32.dll
0x00007ff82a230000 - 0x00007ff82a264000 	C:\WINDOWS\system32\IMM32.DLL
0x00007ff82a030000 - 0x00007ff82a169000 	C:\WINDOWS\system32\MSCTF.dll
0x0000000052180000 - 0x0000000052252000 	C:\Program Files\Java\jdk1.8.0_11\jre\bin\msvcr100.dll
0x0000000052260000 - 0x0000000052a8a000 	C:\Program Files\Java\jdk1.8.0_11\jre\bin\server\jvm.dll
0x00007ff825eb0000 - 0x00007ff825eb9000 	C:\WINDOWS\SYSTEM32\WSOCK32.dll
0x00007ff821960000 - 0x00007ff82197f000 	C:\WINDOWS\SYSTEM32\WINMM.dll
0x00007ff8299d0000 - 0x00007ff8299d7000 	C:\WINDOWS\system32\PSAPI.DLL
0x00007ff829b60000 - 0x00007ff829bb8000 	C:\WINDOWS\system32\WS2_32.dll
0x00007ff821930000 - 0x00007ff82195a000 	C:\WINDOWS\SYSTEM32\WINMMBASE.dll
0x00007ff82a170000 - 0x00007ff82a179000 	C:\WINDOWS\system32\NSI.dll
0x00007ff8291c0000 - 0x00007ff82920a000 	C:\WINDOWS\SYSTEM32\cfgmgr32.dll
0x00007ff827b80000 - 0x00007ff827ba6000 	C:\WINDOWS\SYSTEM32\DEVOBJ.dll
0x0000000052170000 - 0x000000005217f000 	C:\Program Files\Java\jdk1.8.0_11\jre\bin\verify.dll
0x0000000052140000 - 0x0000000052168000 	C:\Program Files\Java\jdk1.8.0_11\jre\bin\java.dll
0x0000000052120000 - 0x0000000052136000 	C:\Program Files\Java\jdk1.8.0_11\jre\bin\zip.dll
0x00007ff82a570000 - 0x00007ff82b97d000 	C:\WINDOWS\system32\SHELL32.dll
0x00007ff829410000 - 0x00007ff8295e7000 	C:\WINDOWS\SYSTEM32\combase.dll
0x00007ff829970000 - 0x00007ff8299c1000 	C:\WINDOWS\system32\SHLWAPI.dll
0x00007ff827350000 - 0x00007ff8273f1000 	C:\WINDOWS\SYSTEM32\SHCORE.dll
0x00007ff828d00000 - 0x00007ff828d14000 	C:\WINDOWS\SYSTEM32\profapi.dll

VM Arguments:
jvm_args: -Xmx1024M -Dfile.encoding=GBK -Duser.country=CN -Duser.language=zh -Duser.variant 
java_command: com.android.dx.command.Main --dex --output E:\androidxiangmu\OurTeam\app\build\intermediates\pre-dexed\debug\support-annotations-22.2.1-65c0563c18b9a633ace955635f032446806c9f71.jar E:\AndroidSDK\extras\android\m2repository\com\android\support\support-annotations\22.2.1\support-annotations-22.2.1.jar
java_class_path (initial): E:\AndroidSDK\build-tools\22.0.1\lib\dx.jar
Launcher Type: SUN_STANDARD

Environment Variables:
PATH=C:\WINDOWS\system32;C:\WINDOWS;C:\WINDOWS\System32\Wbem;C:\WINDOWS\System32\WindowsPowerShell\v1.0\;C:\Program Files\Java\jdk1.8.0_11\bin;E:\mysql\Program Files\MySQL\MySQL Utilities 1.3.5\;E:\TortoiseSVN\bin
USERNAME=Administrator
OS=Windows_NT
PROCESSOR_IDENTIFIER=Intel64 Family 6 Model 60 Stepping 3, GenuineIntel



---------------  S Y S T E M  ---------------

OS: Windows 8.1 , 64 bit Build 9600 

CPU:total 4 (2 cores per cpu, 2 threads per core) family 6 model 60 stepping 3, cmov, cx8, fxsr, mmx, sse, sse2, sse3, ssse3, sse4.1, sse4.2, popcnt, avx, avx2, aes, clmul, erms, ht, tsc, tscinvbit

Memory: 4k page, physical 4104468k(1443776k free), swap 4104468k(5044k free)

vm_info: Java HotSpot(TM) 64-Bit Server VM (25.11-b03) for windows-amd64 JRE (1.8.0_11-b12), built on Jun 16 2014 20:57:32 by "java_re" with MS VC++ 10.0 (VS2010)

time: Mon Aug 24 23:13:23 2015
elapsed time: 0 seconds

