#
# There is insufficient memory for the Java Runtime Environment to continue.
# Native memory allocation (malloc) failed to allocate 1466576 bytes for Chunk::new
# Possible reasons:
#   The system is out of physical RAM or swap space
#   In 32 bit mode, the process size limit was hit
# Possible solutions:
#   Reduce memory load on the system
#   Increase physical memory or swap space
#   Check if swap backing store is full
#   Use 64 bit Java on a 64 bit OS
#   Decrease Java heap size (-Xmx/-Xms)
#   Decrease number of Java threads
#   Decrease Java thread stack sizes (-Xss)
#   Set larger code cache with -XX:ReservedCodeCacheSize=
# This output file may be truncated or incomplete.
#
#  Out of Memory Error (allocation.cpp:388), pid=6844, tid=6812
#
# JRE version: Java(TM) SE Runtime Environment (8.0_11-b12) (build 1.8.0_11-b12)
# Java VM: Java HotSpot(TM) 64-Bit Server VM (25.11-b03 mixed mode windows-amd64 compressed oops)
# Failed to write core dump. Minidumps are not enabled by default on client versions of Windows
#

---------------  T H R E A D  ---------------

Current thread (0x0000000014b89000):  JavaThread "C2 CompilerThread1" daemon [_thread_in_native, id=6812, stack(0x00000000165b0000,0x00000000166b0000)]

Stack: [0x00000000165b0000,0x00000000166b0000]
Native frames: (J=compiled Java code, j=interpreted, Vv=VM code, C=native code)
V  [jvm.dll+0x308eca]
V  [jvm.dll+0x25e121]
V  [jvm.dll+0x25ed33]
V  [jvm.dll+0x256705]
V  [jvm.dll+0xbd2b5]
V  [jvm.dll+0xbd75c]
V  [jvm.dll+0x44d772]
V  [jvm.dll+0x48e3cf]
V  [jvm.dll+0x4423f5]
V  [jvm.dll+0x4439eb]
V  [jvm.dll+0x427722]
V  [jvm.dll+0x96982]
V  [jvm.dll+0x97173]
V  [jvm.dll+0x2234b4]
V  [jvm.dll+0x27bcca]
C  [msvcr100.dll+0x21d9f]
C  [msvcr100.dll+0x21e3b]
C  [KERNEL32.DLL+0x15dd]
C  [ntdll.dll+0x764ad]


Current CompileTask:
C2:   3918 1304   !   4       com.android.dx.cf.code.BytecodeArray::parseInstruction (2764 bytes)


---------------  P R O C E S S  ---------------

Java Threads: ( => current thread )
  0x0000000015f22800 JavaThread "Service Thread" daemon [_thread_blocked, id=2932, stack(0x00000000167b0000,0x00000000168b0000)]
  0x0000000014b8c000 JavaThread "C1 CompilerThread2" daemon [_thread_blocked, id=3740, stack(0x00000000166b0000,0x00000000167b0000)]
=>0x0000000014b89000 JavaThread "C2 CompilerThread1" daemon [_thread_in_native, id=6812, stack(0x00000000165b0000,0x00000000166b0000)]
  0x0000000014b40800 JavaThread "C2 CompilerThread0" daemon [_thread_in_native, id=6004, stack(0x00000000164b0000,0x00000000165b0000)]
  0x0000000014b3e800 JavaThread "Attach Listener" daemon [_thread_blocked, id=5612, stack(0x00000000163b0000,0x00000000164b0000)]
  0x0000000015ef3800 JavaThread "Signal Dispatcher" daemon [_thread_blocked, id=2984, stack(0x00000000162b0000,0x00000000163b0000)]
  0x0000000002454800 JavaThread "Finalizer" daemon [_thread_blocked, id=6068, stack(0x0000000015db0000,0x0000000015eb0000)]
  0x0000000014af7000 JavaThread "Reference Handler" daemon [_thread_blocked, id=3468, stack(0x0000000015cb0000,0x0000000015db0000)]
  0x0000000002361000 JavaThread "main" [_thread_in_Java, id=5320, stack(0x00000000021e0000,0x00000000022e0000)]

Other Threads:
  0x0000000014af6000 VMThread [stack: 0x0000000015bb0000,0x0000000015cb0000] [id=2664]
  0x0000000015f26800 WatcherThread [stack: 0x00000000168b0000,0x00000000169b0000] [id=4604]

VM state:not at safepoint (normal execution)

VM Mutex/Monitor currently owned by a thread: None

Heap:
 PSYoungGen      total 11776K, used 6367K [0x00000000eab00000, 0x00000000eb800000, 0x0000000100000000)
  eden space 10240K, 50% used [0x00000000eab00000,0x00000000eb00fcc0,0x00000000eb500000)
  from space 1536K, 77% used [0x00000000eb680000,0x00000000eb7a8010,0x00000000eb800000)
  to   space 1536K, 0% used [0x00000000eb500000,0x00000000eb500000,0x00000000eb680000)
 ParOldGen       total 64000K, used 4285K [0x00000000c0000000, 0x00000000c3e80000, 0x00000000eab00000)
  object space 64000K, 6% used [0x00000000c0000000,0x00000000c042f720,0x00000000c3e80000)
 Metaspace       used 5566K, capacity 6832K, committed 7040K, reserved 1056768K
  class space    used 560K, capacity 616K, committed 640K, reserved 1048576K

Card table byte_map: [0x0000000011820000,0x0000000011a30000] byte_map_base: 0x0000000011220000

Marking Bits: (ParMarkBitMap*) 0x0000000052a112b0
 Begin Bits: [0x0000000011f90000, 0x0000000012f90000)
 End Bits:   [0x0000000012f90000, 0x0000000013f90000)

Polling page: 0x0000000000620000

CodeCache: size=245760Kb used=5414Kb max_used=5414Kb free=240345Kb
 bounds [0x0000000002460000, 0x00000000029b0000, 0x0000000011460000]
 total_blobs=1627 nmethods=1365 adapters=176
 compilation: enabled

Compilation events (10 events):
Event: 3.861 Thread 0x0000000014b8c000 nmethod 1329 0x000000000296e610 code [0x000000000296e760, 0x000000000296e870]
Event: 3.862 Thread 0x0000000014b8c000 1330       3       java.util.TreeMap$EntryIterator::next (5 bytes)
Event: 3.862 Thread 0x0000000014b8c000 nmethod 1330 0x000000000296e110 code [0x000000000296e280, 0x000000000296e548]
Event: 3.862 Thread 0x0000000014b8c000 1331       3       com.android.dx.rop.cst.CstKnownNull::equals (5 bytes)
Event: 3.862 Thread 0x0000000014b8c000 nmethod 1331 0x000000000297e650 code [0x000000000297e7a0, 0x000000000297e9d0]
Event: 3.864 Thread 0x0000000014b8c000 1332       3       com.android.dx.dex.file.EncodedMember::<init> (10 bytes)
Event: 3.865 Thread 0x0000000014b8c000 nmethod 1332 0x000000000297e290 code [0x000000000297e3e0, 0x000000000297e590]
Event: 3.867 Thread 0x0000000014b8c000 1333       3       com.android.dx.cf.code.ConcreteMethod::getMaxStack (8 bytes)
Event: 3.867 Thread 0x0000000014b8c000 nmethod 1333 0x000000000297de90 code [0x000000000297dfe0, 0x000000000297e1d0]
Event: 3.873 Thread 0x0000000014b8c000 1334       3       com.android.dx.cf.direct.StdAttributeFactory::code (613 bytes)

GC Heap History (10 events):
Event: 2.749 GC heap before
{Heap before GC invocations=8 (full 0):
 PSYoungGen      total 3072K, used 2913K [0x00000000eab00000, 0x00000000eb100000, 0x0000000100000000)
  eden space 2048K, 100% used [0x00000000eab00000,0x00000000ead00000,0x00000000ead00000)
  from space 1024K, 84% used [0x00000000ead00000,0x00000000eadd86c8,0x00000000eae00000)
  to   space 1024K, 0% used [0x00000000eb000000,0x00000000eb000000,0x00000000eb100000)
 ParOldGen       total 64000K, used 1359K [0x00000000c0000000, 0x00000000c3e80000, 0x00000000eab00000)
  object space 64000K, 2% used [0x00000000c0000000,0x00000000c0153e50,0x00000000c3e80000)
 Metaspace       used 4988K, capacity 6320K, committed 6528K, reserved 1056768K
  class space    used 546K, capacity 616K, committed 640K, reserved 1048576K
Event: 2.750 GC heap after
Heap after GC invocations=8 (full 0):
 PSYoungGen      total 4608K, used 992K [0x00000000eab00000, 0x00000000eb200000, 0x0000000100000000)
  eden space 3584K, 0% used [0x00000000eab00000,0x00000000eab00000,0x00000000eae80000)
  from space 1024K, 96% used [0x00000000eb000000,0x00000000eb0f8018,0x00000000eb100000)
  to   space 1536K, 0% used [0x00000000eae80000,0x00000000eae80000,0x00000000eb000000)
 ParOldGen       total 64000K, used 1407K [0x00000000c0000000, 0x00000000c3e80000, 0x00000000eab00000)
  object space 64000K, 2% used [0x00000000c0000000,0x00000000c015fe50,0x00000000c3e80000)
 Metaspace       used 4988K, capacity 6320K, committed 6528K, reserved 1056768K
  class space    used 546K, capacity 616K, committed 640K, reserved 1048576K
}
Event: 2.983 GC heap before
{Heap before GC invocations=9 (full 0):
 PSYoungGen      total 4608K, used 4576K [0x00000000eab00000, 0x00000000eb200000, 0x0000000100000000)
  eden space 3584K, 100% used [0x00000000eab00000,0x00000000eae80000,0x00000000eae80000)
  from space 1024K, 96% used [0x00000000eb000000,0x00000000eb0f8018,0x00000000eb100000)
  to   space 1536K, 0% used [0x00000000eae80000,0x00000000eae80000,0x00000000eb000000)
 ParOldGen       total 64000K, used 1407K [0x00000000c0000000, 0x00000000c3e80000, 0x00000000eab00000)
  object space 64000K, 2% used [0x00000000c0000000,0x00000000c015fe50,0x00000000c3e80000)
 Metaspace       used 5268K, capacity 6576K, committed 6784K, reserved 1056768K
  class space    used 555K, capacity 616K, committed 640K, reserved 1048576K
Event: 2.985 GC heap after
Heap after GC invocations=9 (full 0):
 PSYoungGen      total 5120K, used 1280K [0x00000000eab00000, 0x00000000eb400000, 0x0000000100000000)
  eden space 3584K, 0% used [0x00000000eab00000,0x00000000eab00000,0x00000000eae80000)
  from space 1536K, 83% used [0x00000000eae80000,0x00000000eafc0018,0x00000000eb000000)
  to   space 1536K, 0% used [0x00000000eb280000,0x00000000eb280000,0x00000000eb400000)
 ParOldGen       total 64000K, used 1508K [0x00000000c0000000, 0x00000000c3e80000, 0x00000000eab00000)
  object space 64000K, 2% used [0x00000000c0000000,0x00000000c01791e8,0x00000000c3e80000)
 Metaspace       used 5268K, capacity 6576K, committed 6784K, reserved 1056768K
  class space    used 555K, capacity 616K, committed 640K, reserved 1048576K
}
Event: 3.309 GC heap before
{Heap before GC invocations=10 (full 0):
 PSYoungGen      total 5120K, used 4864K [0x00000000eab00000, 0x00000000eb400000, 0x0000000100000000)
  eden space 3584K, 100% used [0x00000000eab00000,0x00000000eae80000,0x00000000eae80000)
  from space 1536K, 83% used [0x00000000eae80000,0x00000000eafc0018,0x00000000eb000000)
  to   space 1536K, 0% used [0x00000000eb280000,0x00000000eb280000,0x00000000eb400000)
 ParOldGen       total 64000K, used 1508K [0x00000000c0000000, 0x00000000c3e80000, 0x00000000eab00000)
  object space 64000K, 2% used [0x00000000c0000000,0x00000000c01791e8,0x00000000c3e80000)
 Metaspace       used 5397K, capacity 6704K, committed 6784K, reserved 1056768K
  class space    used 555K, capacity 616K, committed 640K, reserved 1048576K
Event: 3.314 GC heap after
Heap after GC invocations=10 (full 0):
 PSYoungGen      total 7680K, used 1312K [0x00000000eab00000, 0x00000000eb400000, 0x0000000100000000)
  eden space 6144K, 0% used [0x00000000eab00000,0x00000000eab00000,0x00000000eb100000)
  from space 1536K, 85% used [0x00000000eb280000,0x00000000eb3c8000,0x00000000eb400000)
  to   space 1536K, 0% used [0x00000000eb100000,0x00000000eb100000,0x00000000eb280000)
 ParOldGen       total 64000K, used 2000K [0x00000000c0000000, 0x00000000c3e80000, 0x00000000eab00000)
  object space 64000K, 3% used [0x00000000c0000000,0x00000000c01f4210,0x00000000c3e80000)
 Metaspace       used 5397K, capacity 6704K, committed 6784K, reserved 1056768K
  class space    used 555K, capacity 616K, committed 640K, reserved 1048576K
}
Event: 3.478 GC heap before
{Heap before GC invocations=11 (full 0):
 PSYoungGen      total 7680K, used 7456K [0x00000000eab00000, 0x00000000eb400000, 0x0000000100000000)
  eden space 6144K, 100% used [0x00000000eab00000,0x00000000eb100000,0x00000000eb100000)
  from space 1536K, 85% used [0x00000000eb280000,0x00000000eb3c8000,0x00000000eb400000)
  to   space 1536K, 0% used [0x00000000eb100000,0x00000000eb100000,0x00000000eb280000)
 ParOldGen       total 64000K, used 2000K [0x00000000c0000000, 0x00000000c3e80000, 0x00000000eab00000)
  object space 64000K, 3% used [0x00000000c0000000,0x00000000c01f4210,0x00000000c3e80000)
 Metaspace       used 5487K, capacity 6768K, committed 7040K, reserved 1056768K
  class space    used 557K, capacity 616K, committed 640K, reserved 1048576K
Event: 3.483 GC heap after
Heap after GC invocations=11 (full 0):
 PSYoungGen      total 7680K, used 1248K [0x00000000eab00000, 0x00000000eb800000, 0x0000000100000000)
  eden space 6144K, 0% used [0x00000000eab00000,0x00000000eab00000,0x00000000eb100000)
  from space 1536K, 81% used [0x00000000eb100000,0x00000000eb238000,0x00000000eb280000)
  to   space 1536K, 0% used [0x00000000eb680000,0x00000000eb680000,0x00000000eb800000)
 ParOldGen       total 64000K, used 3208K [0x00000000c0000000, 0x00000000c3e80000, 0x00000000eab00000)
  object space 64000K, 5% used [0x00000000c0000000,0x00000000c0322048,0x00000000c3e80000)
 Metaspace       used 5487K, capacity 6768K, committed 7040K, reserved 1056768K
  class space    used 557K, capacity 616K, committed 640K, reserved 1048576K
}
Event: 3.843 GC heap before
{Heap before GC invocations=12 (full 0):
 PSYoungGen      total 7680K, used 7392K [0x00000000eab00000, 0x00000000eb800000, 0x0000000100000000)
  eden space 6144K, 100% used [0x00000000eab00000,0x00000000eb100000,0x00000000eb100000)
  from space 1536K, 81% used [0x00000000eb100000,0x00000000eb238000,0x00000000eb280000)
  to   space 1536K, 0% used [0x00000000eb680000,0x00000000eb680000,0x00000000eb800000)
 ParOldGen       total 64000K, used 3208K [0x00000000c0000000, 0x00000000c3e80000, 0x00000000eab00000)
  object space 64000K, 5% used [0x00000000c0000000,0x00000000c0322048,0x00000000c3e80000)
 Metaspace       used 5541K, capacity 6832K, committed 7040K, reserved 1056768K
  class space    used 560K, capacity 616K, committed 640K, reserved 1048576K
Event: 3.848 GC heap after
Heap after GC invocations=12 (full 0):
 PSYoungGen      total 11776K, used 1184K [0x00000000eab00000, 0x00000000eb800000, 0x0000000100000000)
  eden space 10240K, 0% used [0x00000000eab00000,0x00000000eab00000,0x00000000eb500000)
  from space 1536K, 77% used [0x00000000eb680000,0x00000000eb7a8010,0x00000000eb800000)
  to   space 1536K, 0% used [0x00000000eb500000,0x00000000eb500000,0x00000000eb680000)
 ParOldGen       total 64000K, used 4285K [0x00000000c0000000, 0x00000000c3e80000, 0x00000000eab00000)
  object space 64000K, 6% used [0x00000000c0000000,0x00000000c042f720,0x00000000c3e80000)
 Metaspace       used 5541K, capacity 6832K, committed 7040K, reserved 1056768K
  class space    used 560K, capacity 616K, committed 640K, reserved 1048576K
}

Deoptimization events (6 events):
Event: 3.330 Thread 0x0000000002361000 Uncommon trap: reason=bimorphic action=maybe_recompile pc=0x00000000026dffb8 method=java.util.HashMap.getNode(ILjava/lang/Object;)Ljava/util/HashMap$Node; @ 126
Event: 3.330 Thread 0x0000000002361000 Uncommon trap: reason=bimorphic action=maybe_recompile pc=0x00000000026dffb8 method=java.util.HashMap.getNode(ILjava/lang/Object;)Ljava/util/HashMap$Node; @ 126
Event: 3.330 Thread 0x0000000002361000 Uncommon trap: reason=bimorphic action=maybe_recompile pc=0x00000000026dffb8 method=java.util.HashMap.getNode(ILjava/lang/Object;)Ljava/util/HashMap$Node; @ 126
Event: 3.330 Thread 0x0000000002361000 Uncommon trap: reason=bimorphic action=maybe_recompile pc=0x00000000026dffb8 method=java.util.HashMap.getNode(ILjava/lang/Object;)Ljava/util/HashMap$Node; @ 126
Event: 3.330 Thread 0x0000000002361000 Uncommon trap: reason=unreached action=reinterpret pc=0x00000000028747dc method=com.android.dx.rop.cst.Constant.compareTo(Lcom/android/dx/rop/cst/Constant;)I @ 12
Event: 3.331 Thread 0x0000000002361000 Uncommon trap: reason=bimorphic action=maybe_recompile pc=0x000000000268d2d0 method=java.util.HashMap.getNode(ILjava/lang/Object;)Ljava/util/HashMap$Node; @ 126

Internal exceptions (10 events):
Event: 2.978 Thread 0x0000000002361000 Exception <a 'java/security/PrivilegedActionException'> (0x00000000eae4a768) thrown at [C:\re\workspace\8-2-build-windows-amd64-cygwin\jdk8u11\648\hotspot\src\share\vm\prims\jvm.cpp, line 1248]
Event: 2.978 Thread 0x0000000002361000 Exception <a 'java/security/PrivilegedActionException'> (0x00000000eae4cae0) thrown at [C:\re\workspace\8-2-build-windows-amd64-cygwin\jdk8u11\648\hotspot\src\share\vm\prims\jvm.cpp, line 1248]
Event: 3.316 Thread 0x0000000002361000 Exception <a 'java/security/PrivilegedActionException'> (0x00000000eab071c0) thrown at [C:\re\workspace\8-2-build-windows-amd64-cygwin\jdk8u11\648\hotspot\src\share\vm\prims\jvm.cpp, line 1248]
Event: 3.322 Thread 0x0000000002361000 Exception <a 'java/security/PrivilegedActionException'> (0x00000000eab3ebb8) thrown at [C:\re\workspace\8-2-build-windows-amd64-cygwin\jdk8u11\648\hotspot\src\share\vm\prims\jvm.cpp, line 1248]
Event: 3.326 Thread 0x0000000002361000 Exception <a 'java/security/PrivilegedActionException'> (0x00000000eab64a18) thrown at [C:\re\workspace\8-2-build-windows-amd64-cygwin\jdk8u11\648\hotspot\src\share\vm\prims\jvm.cpp, line 1248]
Event: 3.501 Thread 0x0000000002361000 Exception <a 'java/security/PrivilegedActionException'> (0x00000000eacbb8b0) thrown at [C:\re\workspace\8-2-build-windows-amd64-cygwin\jdk8u11\648\hotspot\src\share\vm\prims\jvm.cpp, line 1248]
Event: 3.503 Thread 0x0000000002361000 Exception <a 'java/security/PrivilegedActionException'> (0x00000000eacbdeb0) thrown at [C:\re\workspace\8-2-build-windows-amd64-cygwin\jdk8u11\648\hotspot\src\share\vm\prims\jvm.cpp, line 1248]
Event: 3.622 Thread 0x0000000002361000 Exception <a 'java/security/PrivilegedActionException'> (0x00000000ead9d370) thrown at [C:\re\workspace\8-2-build-windows-amd64-cygwin\jdk8u11\648\hotspot\src\share\vm\prims\jvm.cpp, line 1248]
Event: 3.623 Thread 0x0000000002361000 Exception <a 'java/security/PrivilegedActionException'> (0x00000000eada2b80) thrown at [C:\re\workspace\8-2-build-windows-amd64-cygwin\jdk8u11\648\hotspot\src\share\vm\prims\jvm.cpp, line 1248]
Event: 3.624 Thread 0x0000000002361000 Exception <a 'java/security/PrivilegedActionException'> (0x00000000eada4bf8) thrown at [C:\re\workspace\8-2-build-windows-amd64-cygwin\jdk8u11\648\hotspot\src\share\vm\prims\jvm.cpp, line 1248]

Events (10 events):
Event: 3.503 loading class com/android/dx/cf/attrib/BaseParameterAnnotations
Event: 3.503 loading class com/android/dx/cf/attrib/BaseParameterAnnotations done
Event: 3.622 loading class com/android/dx/dex/file/ParameterAnnotationStruct
Event: 3.622 loading class com/android/dx/dex/file/ParameterAnnotationStruct done
Event: 3.623 loading class com/android/dx/dex/file/UniformListItem
Event: 3.623 loading class com/android/dx/dex/file/UniformListItem done
Event: 3.624 loading class com/android/dx/dex/file/AnnotationSetRefItem
Event: 3.624 loading class com/android/dx/dex/file/AnnotationSetRefItem done
Event: 3.843 Executing VM operation: ParallelGCFailedAllocation
Event: 3.848 Executing VM operation: ParallelGCFailedAllocation done


Dynamic libraries:
0x00007ff7c83d0000 - 0x00007ff7c8404000 	C:\Program Files\Java\jdk1.8.0_11\bin\java.exe
0x00007ff82b980000 - 0x00007ff82bb29000 	C:\WINDOWS\SYSTEM32\ntdll.dll
0x00007ff829d70000 - 0x00007ff829ea9000 	C:\WINDOWS\system32\KERNEL32.DLL
0x00007ff828e20000 - 0x00007ff828f2e000 	C:\WINDOWS\system32\KERNELBASE.dll
0x00007ff82a4c0000 - 0x00007ff82a565000 	C:\WINDOWS\system32\ADVAPI32.dll
0x00007ff829eb0000 - 0x00007ff82a021000 	C:\WINDOWS\system32\USER32.dll
0x00007ff826d70000 - 0x00007ff826fca000 	C:\WINDOWS\WinSxS\amd64_microsoft.windows.common-controls_6595b64144ccf1df_6.0.9600.16384_none_62475f7becb72503\COMCTL32.dll
0x00007ff829350000 - 0x00007ff8293f7000 	C:\WINDOWS\system32\msvcrt.dll
0x00007ff82a450000 - 0x00007ff82a4a7000 	C:\WINDOWS\SYSTEM32\sechost.dll
0x00007ff829210000 - 0x00007ff829346000 	C:\WINDOWS\system32\RPCRT4.dll
0x00007ff829bc0000 - 0x00007ff829d05000 	C:\WINDOWS\system32\GDI32.dll
0x00007ff82a230000 - 0x00007ff82a264000 	C:\WINDOWS\system32\IMM32.DLL
0x00007ff82a030000 - 0x00007ff82a169000 	C:\WINDOWS\system32\MSCTF.dll
0x0000000052180000 - 0x0000000052252000 	C:\Program Files\Java\jdk1.8.0_11\jre\bin\msvcr100.dll
0x0000000052260000 - 0x0000000052a8a000 	C:\Program Files\Java\jdk1.8.0_11\jre\bin\server\jvm.dll
0x00007ff825eb0000 - 0x00007ff825eb9000 	C:\WINDOWS\SYSTEM32\WSOCK32.dll
0x00007ff821960000 - 0x00007ff82197f000 	C:\WINDOWS\SYSTEM32\WINMM.dll
0x00007ff8299d0000 - 0x00007ff8299d7000 	C:\WINDOWS\system32\PSAPI.DLL
0x00007ff829b60000 - 0x00007ff829bb8000 	C:\WINDOWS\system32\WS2_32.dll
0x00007ff821930000 - 0x00007ff82195a000 	C:\WINDOWS\SYSTEM32\WINMMBASE.dll
0x00007ff82a170000 - 0x00007ff82a179000 	C:\WINDOWS\system32\NSI.dll
0x00007ff8291c0000 - 0x00007ff82920a000 	C:\WINDOWS\SYSTEM32\cfgmgr32.dll
0x00007ff827b80000 - 0x00007ff827ba6000 	C:\WINDOWS\SYSTEM32\DEVOBJ.dll
0x0000000052170000 - 0x000000005217f000 	C:\Program Files\Java\jdk1.8.0_11\jre\bin\verify.dll
0x0000000052140000 - 0x0000000052168000 	C:\Program Files\Java\jdk1.8.0_11\jre\bin\java.dll
0x0000000052120000 - 0x0000000052136000 	C:\Program Files\Java\jdk1.8.0_11\jre\bin\zip.dll
0x00007ff82a570000 - 0x00007ff82b97d000 	C:\WINDOWS\system32\SHELL32.dll
0x00007ff829410000 - 0x00007ff8295e7000 	C:\WINDOWS\SYSTEM32\combase.dll
0x00007ff829970000 - 0x00007ff8299c1000 	C:\WINDOWS\system32\SHLWAPI.dll
0x00007ff827350000 - 0x00007ff8273f1000 	C:\WINDOWS\SYSTEM32\SHCORE.dll
0x00007ff828d00000 - 0x00007ff828d14000 	C:\WINDOWS\SYSTEM32\profapi.dll
0x00007ff823410000 - 0x00007ff823598000 	C:\WINDOWS\SYSTEM32\dbghelp.dll

VM Arguments:
jvm_args: -Xmx1024M -Dfile.encoding=GBK -Duser.country=CN -Duser.language=zh -Duser.variant 
java_command: com.android.dx.command.Main --dex --output E:\androidxiangmu\OurTeam\app\build\intermediates\pre-dexed\debug\classes-b53660958d2f3ae372b6aedecdc4f415c4afc222.jar E:\androidxiangmu\OurTeam\app\build\intermediates\exploded-aar\com.android.support\support-v4\22.2.1\jars\classes.jar
java_class_path (initial): E:\AndroidSDK\build-tools\22.0.1\lib\dx.jar
Launcher Type: SUN_STANDARD

Environment Variables:
PATH=C:\WINDOWS\system32;C:\WINDOWS;C:\WINDOWS\System32\Wbem;C:\WINDOWS\System32\WindowsPowerShell\v1.0\;C:\Program Files\Java\jdk1.8.0_11\bin;E:\mysql\Program Files\MySQL\MySQL Utilities 1.3.5\;E:\TortoiseSVN\bin
USERNAME=Administrator
OS=Windows_NT
PROCESSOR_IDENTIFIER=Intel64 Family 6 Model 60 Stepping 3, GenuineIntel



---------------  S Y S T E M  ---------------

OS: Windows 8.1 , 64 bit Build 9600 

CPU:total 4 (2 cores per cpu, 2 threads per core) family 6 model 60 stepping 3, cmov, cx8, fxsr, mmx, sse, sse2, sse3, ssse3, sse4.1, sse4.2, popcnt, avx, avx2, aes, clmul, erms, ht, tsc, tscinvbit

Memory: 4k page, physical 4104468k(1215768k free), swap 4104468k(169516k free)

vm_info: Java HotSpot(TM) 64-Bit Server VM (25.11-b03) for windows-amd64 JRE (1.8.0_11-b12), built on Jun 16 2014 20:57:32 by "java_re" with MS VC++ 10.0 (VS2010)

time: Mon Aug 24 23:26:23 2015
elapsed time: 3 seconds

