#
# There is insufficient memory for the Java Runtime Environment to continue.
# Native memory allocation (malloc) failed to allocate 822016 bytes for Chunk::new
# Possible reasons:
#   The system is out of physical RAM or swap space
#   In 32 bit mode, the process size limit was hit
# Possible solutions:
#   Reduce memory load on the system
#   Increase physical memory or swap space
#   Check if swap backing store is full
#   Use 64 bit Java on a 64 bit OS
#   Decrease Java heap size (-Xmx/-Xms)
#   Decrease number of Java threads
#   Decrease Java thread stack sizes (-Xss)
#   Set larger code cache with -XX:ReservedCodeCacheSize=
# This output file may be truncated or incomplete.
#
#  Out of Memory Error (allocation.cpp:388), pid=4380, tid=2476
#
# JRE version: Java(TM) SE Runtime Environment (8.0_11-b12) (build 1.8.0_11-b12)
# Java VM: Java HotSpot(TM) 64-Bit Server VM (25.11-b03 mixed mode windows-amd64 compressed oops)
# Failed to write core dump. Minidumps are not enabled by default on client versions of Windows
#

---------------  T H R E A D  ---------------

Current thread (0x0000000014cba000):  JavaThread "C2 CompilerThread1" daemon [_thread_in_native, id=2476, stack(0x00000000166b0000,0x00000000167b0000)]

Stack: [0x00000000166b0000,0x00000000167b0000]
[error occurred during error reporting (printing stack bounds), id 0xc0000005]

Native frames: (J=compiled Java code, j=interpreted, Vv=VM code, C=native code)
V  [jvm.dll+0x308eca]
V  [jvm.dll+0x25e121]
V  [jvm.dll+0x25ed33]
V  [jvm.dll+0x277366]
V  [jvm.dll+0x27aea3]
V  [jvm.dll+0x59682f]
C  [msvcr100.dll+0x712e3]
V  [jvm.dll+0x595f4d]
C  [ntdll.dll+0x9a77d]
C  [ntdll.dll+0x429fb]
C  [ntdll.dll+0x9993e]
V  [jvm.dll+0x1fdfe1]


Current CompileTask:
C2:   3815 1296       4       com.android.dx.ssa.SCCP::simulateStmt (481 bytes)


---------------  P R O C E S S  ---------------

Java Threads: ( => current thread )
  0x000000001600d000 JavaThread "Service Thread" daemon [_thread_blocked, id=5660, stack(0x00000000168b0000,0x00000000169b0000)]
  0x0000000016006000 JavaThread "C1 CompilerThread2" daemon [_thread_blocked, id=3192, stack(0x00000000167b0000,0x00000000168b0000)]
=>0x0000000014cba000 JavaThread "C2 CompilerThread1" daemon [_thread_in_native, id=2476, stack(0x00000000166b0000,0x00000000167b0000)]
  0x0000000014c72000 JavaThread "C2 CompilerThread0" daemon [_thread_in_native, id=5156, stack(0x00000000165b0000,0x00000000166b0000)]
  0x0000000014c70000 JavaThread "Attach Listener" daemon [_thread_blocked, id=3332, stack(0x00000000164b0000,0x00000000165b0000)]
  0x0000000015ff3800 JavaThread "Signal Dispatcher" daemon [_thread_blocked, id=4732, stack(0x00000000163b0000,0x00000000164b0000)]
  0x00000000024e4800 JavaThread "Finalizer" daemon [_thread_blocked, id=5164, stack(0x0000000015eb0000,0x0000000015fb0000)]
  0x0000000014c27800 JavaThread "Reference Handler" daemon [_thread_blocked, id=2372, stack(0x0000000015db0000,0x0000000015eb0000)]
  0x00000000023f1000 JavaThread "main" [_thread_in_Java, id=4960, stack(0x0000000001f70000,0x0000000002070000)]

Other Threads:
  0x0000000014c26000 VMThread [stack: 0x0000000015cb0000,0x0000000015db0000] [id=5004]
  0x0000000016010000 WatcherThread [stack: 0x00000000169b0000,0x0000000016ab0000] [id=5204]

VM state:not at safepoint (normal execution)

VM Mutex/Monitor currently owned by a thread: None

Heap:
 PSYoungGen      total 10240K, used 2660K [0x00000000eab00000, 0x00000000eb700000, 0x0000000100000000)
  eden space 8192K, 7% used [0x00000000eab00000,0x00000000eab9d190,0x00000000eb300000)
  from space 2048K, 99% used [0x00000000eb300000,0x00000000eb4fc010,0x00000000eb500000)
  to   space 2048K, 0% used [0x00000000eb500000,0x00000000eb500000,0x00000000eb700000)
 ParOldGen       total 64000K, used 2910K [0x00000000c0000000, 0x00000000c3e80000, 0x00000000eab00000)
  object space 64000K, 4% used [0x00000000c0000000,0x00000000c02d7bc0,0x00000000c3e80000)
 Metaspace       used 5579K, capacity 6832K, committed 7040K, reserved 1056768K
  class space    used 558K, capacity 616K, committed 640K, reserved 1048576K

Card table byte_map: [0x0000000011950000,0x0000000011b60000] byte_map_base: 0x0000000011350000

Marking Bits: (ParMarkBitMap*) 0x0000000052a112b0
 Begin Bits: [0x00000000120c0000, 0x00000000130c0000)
 End Bits:   [0x00000000130c0000, 0x00000000140c0000)

Polling page: 0x00000000006b0000

CodeCache: size=245760Kb used=5381Kb max_used=5381Kb free=240378Kb
 bounds [0x0000000002590000, 0x0000000002ae0000, 0x0000000011590000]
 total_blobs=1622 nmethods=1360 adapters=176
 compilation: enabled

Compilation events (10 events):
Event: 3.770 Thread 0x0000000014c72000 1352       4       com.android.dx.rop.code.BasicBlockList$RegCountVisitor::visitPlainInsn (6 bytes)
Event: 3.775 Thread 0x0000000014c72000 nmethod 1352 0x0000000002ad3890 code [0x0000000002ad3a00, 0x0000000002ad3cb8]
Event: 3.777 Thread 0x0000000016006000 1353       3       com.android.dx.rop.type.Type::getInitializedType (42 bytes)
Event: 3.778 Thread 0x0000000016006000 nmethod 1353 0x0000000002ad2bd0 code [0x0000000002ad2da0, 0x0000000002ad3558]
Event: 3.780 Thread 0x0000000014c72000 1354       4       com.android.dx.ssa.SsaMethod$2::visitNonMoveInsn (6 bytes)
Event: 3.780 Thread 0x0000000014c72000 nmethod 1354 0x0000000002a81550 code [0x0000000002a816a0, 0x0000000002a81728]
Event: 3.781 Thread 0x0000000016006000 1355       3       com.android.dx.cf.code.Simulator$SimVisitor::checkReturnType (64 bytes)
Event: 3.782 Thread 0x0000000016006000 nmethod 1355 0x0000000002ad4490 code [0x0000000002ad46c0, 0x0000000002ad5368]
Event: 3.804 Thread 0x0000000016006000 1356       3       com.android.dx.ssa.SsaMethod$1::visitPhiInsn (17 bytes)
Event: 3.804 Thread 0x0000000016006000 nmethod 1356 0x0000000002ad2510 code [0x0000000002ad2680, 0x0000000002ad2a10]

GC Heap History (10 events):
Event: 2.326 GC heap before
{Heap before GC invocations=5 (full 0):
 PSYoungGen      total 2560K, used 2552K [0x00000000eab00000, 0x00000000eae00000, 0x0000000100000000)
  eden space 2048K, 100% used [0x00000000eab00000,0x00000000ead00000,0x00000000ead00000)
  from space 512K, 98% used [0x00000000ead80000,0x00000000eadfe010,0x00000000eae00000)
  to   space 512K, 0% used [0x00000000ead00000,0x00000000ead00000,0x00000000ead80000)
 ParOldGen       total 64000K, used 953K [0x00000000c0000000, 0x00000000c3e80000, 0x00000000eab00000)
  object space 64000K, 1% used [0x00000000c0000000,0x00000000c00ee728,0x00000000c3e80000)
 Metaspace       used 4236K, capacity 5648K, committed 6016K, reserved 1056768K
  class space    used 462K, capacity 520K, committed 640K, reserved 1048576K
Event: 2.328 GC heap after
Heap after GC invocations=5 (full 0):
 PSYoungGen      total 2560K, used 504K [0x00000000eab00000, 0x00000000eb200000, 0x0000000100000000)
  eden space 2048K, 0% used [0x00000000eab00000,0x00000000eab00000,0x00000000ead00000)
  from space 512K, 98% used [0x00000000ead00000,0x00000000ead7e010,0x00000000ead80000)
  to   space 1536K, 0% used [0x00000000eb080000,0x00000000eb080000,0x00000000eb200000)
 ParOldGen       total 64000K, used 1601K [0x00000000c0000000, 0x00000000c3e80000, 0x00000000eab00000)
  object space 64000K, 2% used [0x00000000c0000000,0x00000000c0190608,0x00000000c3e80000)
 Metaspace       used 4236K, capacity 5648K, committed 6016K, reserved 1056768K
  class space    used 462K, capacity 520K, committed 640K, reserved 1048576K
}
Event: 2.676 GC heap before
{Heap before GC invocations=6 (full 0):
 PSYoungGen      total 2560K, used 2552K [0x00000000eab00000, 0x00000000eb200000, 0x0000000100000000)
  eden space 2048K, 100% used [0x00000000eab00000,0x00000000ead00000,0x00000000ead00000)
  from space 512K, 98% used [0x00000000ead00000,0x00000000ead7e010,0x00000000ead80000)
  to   space 1536K, 0% used [0x00000000eb080000,0x00000000eb080000,0x00000000eb200000)
 ParOldGen       total 64000K, used 1601K [0x00000000c0000000, 0x00000000c3e80000, 0x00000000eab00000)
  object space 64000K, 2% used [0x00000000c0000000,0x00000000c0190608,0x00000000c3e80000)
 Metaspace       used 4807K, capacity 6160K, committed 6272K, reserved 1056768K
  class space    used 534K, capacity 584K, committed 640K, reserved 1048576K
Event: 2.677 GC heap after
Heap after GC invocations=6 (full 0):
 PSYoungGen      total 5632K, used 1336K [0x00000000eab00000, 0x00000000eb200000, 0x0000000100000000)
  eden space 4096K, 0% used [0x00000000eab00000,0x00000000eab00000,0x00000000eaf00000)
  from space 1536K, 86% used [0x00000000eb080000,0x00000000eb1ce028,0x00000000eb200000)
  to   space 1536K, 0% used [0x00000000eaf00000,0x00000000eaf00000,0x00000000eb080000)
 ParOldGen       total 64000K, used 1609K [0x00000000c0000000, 0x00000000c3e80000, 0x00000000eab00000)
  object space 64000K, 2% used [0x00000000c0000000,0x00000000c0192608,0x00000000c3e80000)
 Metaspace       used 4807K, capacity 6160K, committed 6272K, reserved 1056768K
  class space    used 534K, capacity 584K, committed 640K, reserved 1048576K
}
Event: 2.996 GC heap before
{Heap before GC invocations=7 (full 0):
 PSYoungGen      total 5632K, used 5432K [0x00000000eab00000, 0x00000000eb200000, 0x0000000100000000)
  eden space 4096K, 100% used [0x00000000eab00000,0x00000000eaf00000,0x00000000eaf00000)
  from space 1536K, 86% used [0x00000000eb080000,0x00000000eb1ce028,0x00000000eb200000)
  to   space 1536K, 0% used [0x00000000eaf00000,0x00000000eaf00000,0x00000000eb080000)
 ParOldGen       total 64000K, used 1609K [0x00000000c0000000, 0x00000000c3e80000, 0x00000000eab00000)
  object space 64000K, 2% used [0x00000000c0000000,0x00000000c0192608,0x00000000c3e80000)
 Metaspace       used 5294K, capacity 6576K, committed 6784K, reserved 1056768K
  class space    used 555K, capacity 616K, committed 640K, reserved 1048576K
Event: 3.001 GC heap after
Heap after GC invocations=7 (full 0):
 PSYoungGen      total 5632K, used 1408K [0x00000000eab00000, 0x00000000eb700000, 0x0000000100000000)
  eden space 4096K, 0% used [0x00000000eab00000,0x00000000eab00000,0x00000000eaf00000)
  from space 1536K, 91% used [0x00000000eaf00000,0x00000000eb060018,0x00000000eb080000)
  to   space 2048K, 0% used [0x00000000eb500000,0x00000000eb500000,0x00000000eb700000)
 ParOldGen       total 64000K, used 1905K [0x00000000c0000000, 0x00000000c3e80000, 0x00000000eab00000)
  object space 64000K, 2% used [0x00000000c0000000,0x00000000c01dc668,0x00000000c3e80000)
 Metaspace       used 5294K, capacity 6576K, committed 6784K, reserved 1056768K
  class space    used 555K, capacity 616K, committed 640K, reserved 1048576K
}
Event: 3.295 GC heap before
{Heap before GC invocations=8 (full 0):
 PSYoungGen      total 5632K, used 5504K [0x00000000eab00000, 0x00000000eb700000, 0x0000000100000000)
  eden space 4096K, 100% used [0x00000000eab00000,0x00000000eaf00000,0x00000000eaf00000)
  from space 1536K, 91% used [0x00000000eaf00000,0x00000000eb060018,0x00000000eb080000)
  to   space 2048K, 0% used [0x00000000eb500000,0x00000000eb500000,0x00000000eb700000)
 ParOldGen       total 64000K, used 1905K [0x00000000c0000000, 0x00000000c3e80000, 0x00000000eab00000)
  object space 64000K, 2% used [0x00000000c0000000,0x00000000c01dc668,0x00000000c3e80000)
 Metaspace       used 5402K, capacity 6704K, committed 6784K, reserved 1056768K
  class space    used 557K, capacity 616K, committed 640K, reserved 1048576K
Event: 3.303 GC heap after
Heap after GC invocations=8 (full 0):
 PSYoungGen      total 10240K, used 1696K [0x00000000eab00000, 0x00000000eb700000, 0x0000000100000000)
  eden space 8192K, 0% used [0x00000000eab00000,0x00000000eab00000,0x00000000eb300000)
  from space 2048K, 82% used [0x00000000eb500000,0x00000000eb6a8018,0x00000000eb700000)
  to   space 2048K, 0% used [0x00000000eb300000,0x00000000eb300000,0x00000000eb500000)
 ParOldGen       total 64000K, used 2022K [0x00000000c0000000, 0x00000000c3e80000, 0x00000000eab00000)
  object space 64000K, 3% used [0x00000000c0000000,0x00000000c01f9ba8,0x00000000c3e80000)
 Metaspace       used 5402K, capacity 6704K, committed 6784K, reserved 1056768K
  class space    used 557K, capacity 616K, committed 640K, reserved 1048576K
}
Event: 3.786 GC heap before
{Heap before GC invocations=9 (full 0):
 PSYoungGen      total 10240K, used 9888K [0x00000000eab00000, 0x00000000eb700000, 0x0000000100000000)
  eden space 8192K, 100% used [0x00000000eab00000,0x00000000eb300000,0x00000000eb300000)
  from space 2048K, 82% used [0x00000000eb500000,0x00000000eb6a8018,0x00000000eb700000)
  to   space 2048K, 0% used [0x00000000eb300000,0x00000000eb300000,0x00000000eb500000)
 ParOldGen       total 64000K, used 2022K [0x00000000c0000000, 0x00000000c3e80000, 0x00000000eab00000)
  object space 64000K, 3% used [0x00000000c0000000,0x00000000c01f9ba8,0x00000000c3e80000)
 Metaspace       used 5572K, capacity 6832K, committed 7040K, reserved 1056768K
  class space    used 558K, capacity 616K, committed 640K, reserved 1048576K
Event: 3.801 GC heap after
Heap after GC invocations=9 (full 0):
 PSYoungGen      total 10240K, used 2032K [0x00000000eab00000, 0x00000000eb700000, 0x0000000100000000)
  eden space 8192K, 0% used [0x00000000eab00000,0x00000000eab00000,0x00000000eb300000)
  from space 2048K, 99% used [0x00000000eb300000,0x00000000eb4fc010,0x00000000eb500000)
  to   space 2048K, 0% used [0x00000000eb500000,0x00000000eb500000,0x00000000eb700000)
 ParOldGen       total 64000K, used 2910K [0x00000000c0000000, 0x00000000c3e80000, 0x00000000eab00000)
  object space 64000K, 4% used [0x00000000c0000000,0x00000000c02d7bc0,0x00000000c3e80000)
 Metaspace       used 5572K, capacity 6832K, committed 7040K, reserved 1056768K
  class space    used 558K, capacity 616K, committed 640K, reserved 1048576K
}

Deoptimization events (10 events):
Event: 3.045 Thread 0x00000000023f1000 Uncommon trap: reason=class_check action=maybe_recompile pc=0x000000000286ec2c method=com.android.dx.ssa.NormalSsaInsn.accept(Lcom/android/dx/ssa/SsaInsn$Visitor;)V @ 9
Event: 3.045 Thread 0x00000000023f1000 Uncommon trap: reason=class_check action=maybe_recompile pc=0x000000000286ec2c method=com.android.dx.ssa.NormalSsaInsn.accept(Lcom/android/dx/ssa/SsaInsn$Visitor;)V @ 9
Event: 3.045 Thread 0x00000000023f1000 Uncommon trap: reason=class_check action=maybe_recompile pc=0x000000000286ec2c method=com.android.dx.ssa.NormalSsaInsn.accept(Lcom/android/dx/ssa/SsaInsn$Visitor;)V @ 9
Event: 3.045 Thread 0x00000000023f1000 Uncommon trap: reason=class_check action=maybe_recompile pc=0x000000000286ec2c method=com.android.dx.ssa.NormalSsaInsn.accept(Lcom/android/dx/ssa/SsaInsn$Visitor;)V @ 9
Event: 3.046 Thread 0x00000000023f1000 Uncommon trap: reason=class_check action=maybe_recompile pc=0x0000000002841ff0 method=com.android.dx.ssa.NormalSsaInsn.accept(Lcom/android/dx/ssa/SsaInsn$Visitor;)V @ 9
Event: 3.558 Thread 0x00000000023f1000 Uncommon trap: reason=null_check action=make_not_entrant pc=0x0000000002911924 method=com.android.dx.rop.type.Type.equals(Ljava/lang/Object;)Z @ 8
Event: 3.559 Thread 0x00000000023f1000 Uncommon trap: reason=null_check action=make_not_entrant pc=0x0000000002909990 method=com.android.dx.ssa.SsaRenamer.getLocalForNewReg(I)Lcom/android/dx/rop/code/LocalItem; @ 19
Event: 3.559 Thread 0x00000000023f1000 Uncommon trap: reason=null_check action=make_not_entrant pc=0x0000000002915578 method=com.android.dx.ssa.SsaRenamer.getLocalForNewReg(I)Lcom/android/dx/rop/code/LocalItem; @ 19
Event: 3.576 Thread 0x00000000023f1000 Uncommon trap: reason=unreached action=reinterpret pc=0x000000000295c3d4 method=com.android.dx.rop.code.LocalItem.hashCode()I @ 25
Event: 3.576 Thread 0x00000000023f1000 Uncommon trap: reason=unreached action=reinterpret pc=0x000000000293c6d0 method=com.android.dx.rop.code.LocalItem.hashCode()I @ 25

Internal exceptions (10 events):
Event: 2.939 Thread 0x00000000023f1000 Exception <a 'java/security/PrivilegedActionException'> (0x00000000eae7f818) thrown at [C:\re\workspace\8-2-build-windows-amd64-cygwin\jdk8u11\648\hotspot\src\share\vm\prims\jvm.cpp, line 1248]
Event: 2.942 Thread 0x00000000023f1000 Exception <a 'java/security/PrivilegedActionException'> (0x00000000eae82e08) thrown at [C:\re\workspace\8-2-build-windows-amd64-cygwin\jdk8u11\648\hotspot\src\share\vm\prims\jvm.cpp, line 1248]
Event: 2.943 Thread 0x00000000023f1000 Exception <a 'java/security/PrivilegedActionException'> (0x00000000eae8a5f0) thrown at [C:\re\workspace\8-2-build-windows-amd64-cygwin\jdk8u11\648\hotspot\src\share\vm\prims\jvm.cpp, line 1248]
Event: 2.948 Thread 0x00000000023f1000 Exception <a 'java/security/PrivilegedActionException'> (0x00000000eae8f468) thrown at [C:\re\workspace\8-2-build-windows-amd64-cygwin\jdk8u11\648\hotspot\src\share\vm\prims\jvm.cpp, line 1248]
Event: 2.989 Thread 0x00000000023f1000 Exception <a 'java/security/PrivilegedActionException'> (0x00000000eaed6708) thrown at [C:\re\workspace\8-2-build-windows-amd64-cygwin\jdk8u11\648\hotspot\src\share\vm\prims\jvm.cpp, line 1248]
Event: 3.399 Thread 0x00000000023f1000 Exception <a 'java/security/PrivilegedActionException'> (0x00000000eaca06b8) thrown at [C:\re\workspace\8-2-build-windows-amd64-cygwin\jdk8u11\648\hotspot\src\share\vm\prims\jvm.cpp, line 1248]
Event: 3.558 Thread 0x00000000023f1000 Implicit null exception at 0x0000000002911822 to 0x0000000002911915
Event: 3.559 Thread 0x00000000023f1000 Implicit null exception at 0x00000000029074ee to 0x0000000002909969
Event: 3.559 Thread 0x00000000023f1000 Implicit null exception at 0x00000000029130dc to 0x0000000002915555
Event: 3.575 Thread 0x00000000023f1000 Exception <a 'java/security/PrivilegedActionException'> (0x00000000eafc4328) thrown at [C:\re\workspace\8-2-build-windows-amd64-cygwin\jdk8u11\648\hotspot\src\share\vm\prims\jvm.cpp, line 1248]

Events (10 events):
Event: 3.575 loading class com/android/dx/cf/attrib/AttLocalVariableTypeTable
Event: 3.575 loading class com/android/dx/cf/attrib/AttLocalVariableTypeTable done
Event: 3.576 Thread 0x00000000023f1000 Uncommon trap: trap_request=0xffffffad fr.pc=0x000000000295c3d4
Event: 3.576 Thread 0x00000000023f1000 DEOPT PACKING pc=0x000000000295c3d4 sp=0x000000000206eb40
Event: 3.576 Thread 0x00000000023f1000 DEOPT UNPACKING pc=0x00000000025d55af sp=0x000000000206e898 mode 2
Event: 3.576 Thread 0x00000000023f1000 Uncommon trap: trap_request=0xffffffad fr.pc=0x000000000293c6d0
Event: 3.576 Thread 0x00000000023f1000 DEOPT PACKING pc=0x000000000293c6d0 sp=0x000000000206e9c0
Event: 3.576 Thread 0x00000000023f1000 DEOPT UNPACKING pc=0x00000000025d55af sp=0x000000000206e910 mode 2
Event: 3.786 Executing VM operation: ParallelGCFailedAllocation
Event: 3.801 Executing VM operation: ParallelGCFailedAllocation done


Dynamic libraries:
0x00007ff7c83d0000 - 0x00007ff7c8404000 	C:\Program Files\Java\jdk1.8.0_11\bin\java.exe
0x00007ff82b980000 - 0x00007ff82bb29000 	C:\WINDOWS\SYSTEM32\ntdll.dll
0x00007ff829d70000 - 0x00007ff829ea9000 	C:\WINDOWS\system32\KERNEL32.DLL
0x00007ff828e20000 - 0x00007ff828f2e000 	C:\WINDOWS\system32\KERNELBASE.dll
0x00007ff82a4c0000 - 0x00007ff82a565000 	C:\WINDOWS\system32\ADVAPI32.dll
0x00007ff829eb0000 - 0x00007ff82a021000 	C:\WINDOWS\system32\USER32.dll
0x00007ff826d70000 - 0x00007ff826fca000 	C:\WINDOWS\WinSxS\amd64_microsoft.windows.common-controls_6595b64144ccf1df_6.0.9600.16384_none_62475f7becb72503\COMCTL32.dll
0x00007ff829350000 - 0x00007ff8293f7000 	C:\WINDOWS\system32\msvcrt.dll
0x00007ff82a450000 - 0x00007ff82a4a7000 	C:\WINDOWS\SYSTEM32\sechost.dll
0x00007ff829210000 - 0x00007ff829346000 	C:\WINDOWS\system32\RPCRT4.dll
0x00007ff829bc0000 - 0x00007ff829d05000 	C:\WINDOWS\system32\GDI32.dll
0x00007ff82a230000 - 0x00007ff82a264000 	C:\WINDOWS\system32\IMM32.DLL
0x00007ff82a030000 - 0x00007ff82a169000 	C:\WINDOWS\system32\MSCTF.dll
0x0000000052180000 - 0x0000000052252000 	C:\Program Files\Java\jdk1.8.0_11\jre\bin\msvcr100.dll
0x0000000052260000 - 0x0000000052a8a000 	C:\Program Files\Java\jdk1.8.0_11\jre\bin\server\jvm.dll
0x00007ff825eb0000 - 0x00007ff825eb9000 	C:\WINDOWS\SYSTEM32\WSOCK32.dll
0x00007ff821960000 - 0x00007ff82197f000 	C:\WINDOWS\SYSTEM32\WINMM.dll
0x00007ff8299d0000 - 0x00007ff8299d7000 	C:\WINDOWS\system32\PSAPI.DLL
0x00007ff829b60000 - 0x00007ff829bb8000 	C:\WINDOWS\system32\WS2_32.dll
0x00007ff821930000 - 0x00007ff82195a000 	C:\WINDOWS\SYSTEM32\WINMMBASE.dll
0x00007ff82a170000 - 0x00007ff82a179000 	C:\WINDOWS\system32\NSI.dll
0x00007ff8291c0000 - 0x00007ff82920a000 	C:\WINDOWS\SYSTEM32\cfgmgr32.dll
0x00007ff827b80000 - 0x00007ff827ba6000 	C:\WINDOWS\SYSTEM32\DEVOBJ.dll
0x0000000052170000 - 0x000000005217f000 	C:\Program Files\Java\jdk1.8.0_11\jre\bin\verify.dll
0x0000000052140000 - 0x0000000052168000 	C:\Program Files\Java\jdk1.8.0_11\jre\bin\java.dll
0x0000000052120000 - 0x0000000052136000 	C:\Program Files\Java\jdk1.8.0_11\jre\bin\zip.dll
0x00007ff82a570000 - 0x00007ff82b97d000 	C:\WINDOWS\system32\SHELL32.dll
0x00007ff829410000 - 0x00007ff8295e7000 	C:\WINDOWS\SYSTEM32\combase.dll
0x00007ff829970000 - 0x00007ff8299c1000 	C:\WINDOWS\system32\SHLWAPI.dll
0x00007ff827350000 - 0x00007ff8273f1000 	C:\WINDOWS\SYSTEM32\SHCORE.dll
0x00007ff828d00000 - 0x00007ff828d14000 	C:\WINDOWS\SYSTEM32\profapi.dll
0x00007ff823410000 - 0x00007ff823598000 	C:\WINDOWS\SYSTEM32\dbghelp.dll

VM Arguments:
jvm_args: -Xmx1024M -Dfile.encoding=GBK -Duser.country=CN -Duser.language=zh -Duser.variant 
java_command: com.android.dx.command.Main --dex --output E:\androidxiangmu\OurTeam\app\build\intermediates\pre-dexed\debug\internal_impl-22.2.1-dba9017b19136681cf5f3a09eac04b6cbbba0290.jar E:\androidxiangmu\OurTeam\app\build\intermediates\exploded-aar\com.android.support\support-v4\22.2.1\jars\libs\internal_impl-22.2.1.jar
java_class_path (initial): E:\AndroidSDK\build-tools\22.0.1\lib\dx.jar
Launcher Type: SUN_STANDARD

Environment Variables:
PATH=C:\WINDOWS\system32;C:\WINDOWS;C:\WINDOWS\System32\Wbem;C:\WINDOWS\System32\WindowsPowerShell\v1.0\;C:\Program Files\Java\jdk1.8.0_11\bin;E:\mysql\Program Files\MySQL\MySQL Utilities 1.3.5\;E:\TortoiseSVN\bin
USERNAME=Administrator
OS=Windows_NT
PROCESSOR_IDENTIFIER=Intel64 Family 6 Model 60 Stepping 3, GenuineIntel



---------------  S Y S T E M  ---------------

OS: Windows 8.1 , 64 bit Build 9600 

CPU:total 4 (2 cores per cpu, 2 threads per core) family 6 model 60 stepping 3, cmov, cx8, fxsr, mmx, sse, sse2, sse3, ssse3, sse4.1, sse4.2, popcnt, avx, avx2, aes, clmul, erms, ht, tsc, tscinvbit

Memory: 4k page, physical 4104468k(1171032k free), swap 4104468k(5160k free)

vm_info: Java HotSpot(TM) 64-Bit Server VM (25.11-b03) for windows-amd64 JRE (1.8.0_11-b12), built on Jun 16 2014 20:57:32 by "java_re" with MS VC++ 10.0 (VS2010)

time: Mon Aug 24 23:26:23 2015
elapsed time: 3 seconds

